<?xml version="1.0" encoding="UTF-8"?>
<testng-results ignored="0" total="1" passed="1" failed="0" skipped="0">
  <reporter-output>
  </reporter-output>
  <suite started-at="2023-10-13T19:40:34 EDT" name="Default suite" finished-at="2023-10-13T19:41:04 EDT" duration-ms="29443">
    <groups>
    </groups>
    <test started-at="2023-10-13T19:40:34 EDT" name="Default test" finished-at="2023-10-13T19:41:04 EDT" duration-ms="29443">
      <class name="Pages.SubmitOrder">
        <test-method is-config="true" signature="launchApplication()[pri:0, instance:Pages.SubmitOrder@156b88f5]" started-at="2023-10-13T19:40:34 EDT" name="launchApplication" finished-at="2023-10-13T19:40:39 EDT" duration-ms="5067" status="PASS">
          <reporter-output>
          </reporter-output>
        </test-method> <!-- launchApplication -->
        <test-method signature="submitOrderTest()[pri:0, instance:Pages.SubmitOrder@156b88f5]" started-at="2023-10-13T19:40:39 EDT" name="submitOrderTest" finished-at="2023-10-13T19:41:02 EDT" duration-ms="22855" status="PASS">
          <reporter-output>
          </reporter-output>
        </test-method> <!-- submitOrderTest -->
        <test-method is-config="true" signature="tearDown()[pri:0, instance:Pages.SubmitOrder@156b88f5]" started-at="2023-10-13T19:41:02 EDT" name="tearDown" finished-at="2023-10-13T19:41:04 EDT" duration-ms="1490" status="PASS">
          <reporter-output>
          </reporter-output>
        </test-method> <!-- tearDown -->
      </class> <!-- Pages.SubmitOrder -->
    </test> <!-- Default test -->
  </suite> <!-- Default suite -->
</testng-results>
